Determining if the function pthread_create exists in the pthreads failed with the following output:
Change Dir: /home/developer-admin/avd_ws/build/CMakeFiles/CMakeTmp

Run Build Command:/usr/bin/make "cmTryCompileExec/fast"
/usr/bin/make -f CMakeFiles/cmTryCompileExec.dir/build.make CMakeFiles/cmTryCompileExec.dir/build
make[1]: Entering directory `/home/developer-admin/avd_ws/build/CMakeFiles/CMakeTmp'
/usr/bin/cmake -E cmake_progress_report /home/developer-admin/avd_ws/build/CMakeFiles/CMakeTmp/CMakeFiles 1
Building C object CMakeFiles/cmTryCompileExec.dir/CheckFunctionExists.c.o
/usr/bin/gcc   -DCHECK_FUNCTION_EXISTS=pthread_create   -o CMakeFiles/cmTryCompileExec.dir/CheckFunctionExists.c.o   -c /usr/share/cmake-2.8/Modules/CheckFunctionExists.c
Linking C executable cmTryCompileExec
/usr/bin/cmake -E cmake_link_script CMakeFiles/cmTryCompileExec.dir/link.txt --verbose=1
/usr/bin/gcc     -DCHECK_FUNCTION_EXISTS=pthread_create    CMakeFiles/cmTryCompileExec.dir/CheckFunctionExists.c.o  -o cmTryCompileExec -rdynamic -lpthreads 
/usr/bin/ld: cannot find -lpthreads
collect2: ld returned 1 exit status
make[1]: Leaving directory `/home/developer-admin/avd_ws/build/CMakeFiles/CMakeTmp'
make[1]: *** [cmTryCompileExec] Error 1
make: *** [cmTryCompileExec/fast] Error 2


Determining if the pthread_create exist failed with the following output:
Change Dir: /home/ankur/avd_ws/build/CMakeFiles/CMakeTmp

Run Build Command:/usr/bin/make "cmTryCompileExec2677253911/fast"
/usr/bin/make -f CMakeFiles/cmTryCompileExec2677253911.dir/build.make CMakeFiles/cmTryCompileExec2677253911.dir/build
make[1]: Entering directory `/home/ankur/avd_ws/build/CMakeFiles/CMakeTmp'
/usr/bin/cmake -E cmake_progress_report /home/ankur/avd_ws/build/CMakeFiles/CMakeTmp/CMakeFiles 1
Building C object CMakeFiles/cmTryCompileExec2677253911.dir/CheckSymbolExists.c.o
/usr/bin/cc    -o CMakeFiles/cmTryCompileExec2677253911.dir/CheckSymbolExists.c.o   -c /home/ankur/avd_ws/build/CMakeFiles/CMakeTmp/CheckSymbolExists.c
Linking C executable cmTryCompileExec2677253911
/usr/bin/cmake -E cmake_link_script CMakeFiles/cmTryCompileExec2677253911.dir/link.txt --verbose=1
/usr/bin/cc       CMakeFiles/cmTryCompileExec2677253911.dir/CheckSymbolExists.c.o  -o cmTryCompileExec2677253911 -rdynamic 
CMakeFiles/cmTryCompileExec2677253911.dir/CheckSymbolExists.c.o: In function `main':
CheckSymbolExists.c:(.text+0x16): undefined reference to `pthread_create'
collect2: error: ld returned 1 exit status
make[1]: Leaving directory `/home/ankur/avd_ws/build/CMakeFiles/CMakeTmp'
make[1]: *** [cmTryCompileExec2677253911] Error 1
make: *** [cmTryCompileExec2677253911/fast] Error 2

File /home/ankur/avd_ws/build/CMakeFiles/CMakeTmp/CheckSymbolExists.c:
/* */
#include <pthread.h>

int main(int argc, char** argv)
{
  (void)argv;
#ifndef pthread_create
  return ((int*)(&pthread_create))[argc];
#else
  (void)argc;
  return 0;
#endif
}

Determining if the function pthread_create exists in the pthreads failed with the following output:
Change Dir: /home/ankur/avd_ws/build/CMakeFiles/CMakeTmp

Run Build Command:/usr/bin/make "cmTryCompileExec2160826425/fast"
/usr/bin/make -f CMakeFiles/cmTryCompileExec2160826425.dir/build.make CMakeFiles/cmTryCompileExec2160826425.dir/build
make[1]: Entering directory `/home/ankur/avd_ws/build/CMakeFiles/CMakeTmp'
/usr/bin/cmake -E cmake_progress_report /home/ankur/avd_ws/build/CMakeFiles/CMakeTmp/CMakeFiles 1
Building C object CMakeFiles/cmTryCompileExec2160826425.dir/CheckFunctionExists.c.o
/usr/bin/cc   -DCHECK_FUNCTION_EXISTS=pthread_create   -o CMakeFiles/cmTryCompileExec2160826425.dir/CheckFunctionExists.c.o   -c /usr/share/cmake-2.8/Modules/CheckFunctionExists.c
Linking C executable cmTryCompileExec2160826425
/usr/bin/cmake -E cmake_link_script CMakeFiles/cmTryCompileExec2160826425.dir/link.txt --verbose=1
/usr/bin/cc   -DCHECK_FUNCTION_EXISTS=pthread_create    CMakeFiles/cmTryCompileExec2160826425.dir/CheckFunctionExists.c.o  -o cmTryCompileExec2160826425 -rdynamic -lpthreads 
/usr/bin/ld: cannot find -lpthreads
collect2: error: ld returned 1 exit status
make[1]: *** [cmTryCompileExec2160826425] Error 1
make[1]: Leaving directory `/home/ankur/avd_ws/build/CMakeFiles/CMakeTmp'
make: *** [cmTryCompileExec2160826425/fast] Error 2


Determining if the pthread_create exist failed with the following output:
Change Dir: /home/ankur/avd_ws/build/CMakeFiles/CMakeTmp

Run Build Command:/usr/bin/make "cmTryCompileExec903213381/fast"
/usr/bin/make -f CMakeFiles/cmTryCompileExec903213381.dir/build.make CMakeFiles/cmTryCompileExec903213381.dir/build
make[1]: Entering directory `/home/ankur/avd_ws/build/CMakeFiles/CMakeTmp'
/usr/bin/cmake -E cmake_progress_report /home/ankur/avd_ws/build/CMakeFiles/CMakeTmp/CMakeFiles 1
Building C object CMakeFiles/cmTryCompileExec903213381.dir/CheckSymbolExists.c.o
/usr/bin/cc    -o CMakeFiles/cmTryCompileExec903213381.dir/CheckSymbolExists.c.o   -c /home/ankur/avd_ws/build/CMakeFiles/CMakeTmp/CheckSymbolExists.c
Linking C executable cmTryCompileExec903213381
/usr/bin/cmake -E cmake_link_script CMakeFiles/cmTryCompileExec903213381.dir/link.txt --verbose=1
/usr/bin/cc       CMakeFiles/cmTryCompileExec903213381.dir/CheckSymbolExists.c.o  -o cmTryCompileExec903213381 -rdynamic 
CMakeFiles/cmTryCompileExec903213381.dir/CheckSymbolExists.c.o: In function `main':
CheckSymbolExists.c:(.text+0x16): undefined reference to `pthread_create'
collect2: error: ld returned 1 exit status
make[1]: *** [cmTryCompileExec903213381] Error 1
make[1]: Leaving directory `/home/ankur/avd_ws/build/CMakeFiles/CMakeTmp'
make: *** [cmTryCompileExec903213381/fast] Error 2

File /home/ankur/avd_ws/build/CMakeFiles/CMakeTmp/CheckSymbolExists.c:
/* */
#include <pthread.h>

int main(int argc, char** argv)
{
  (void)argv;
#ifndef pthread_create
  return ((int*)(&pthread_create))[argc];
#else
  (void)argc;
  return 0;
#endif
}

Determining if the function pthread_create exists in the pthreads failed with the following output:
Change Dir: /home/ankur/avd_ws/build/CMakeFiles/CMakeTmp

Run Build Command:/usr/bin/make "cmTryCompileExec2948074654/fast"
/usr/bin/make -f CMakeFiles/cmTryCompileExec2948074654.dir/build.make CMakeFiles/cmTryCompileExec2948074654.dir/build
make[1]: Entering directory `/home/ankur/avd_ws/build/CMakeFiles/CMakeTmp'
/usr/bin/cmake -E cmake_progress_report /home/ankur/avd_ws/build/CMakeFiles/CMakeTmp/CMakeFiles 1
Building C object CMakeFiles/cmTryCompileExec2948074654.dir/CheckFunctionExists.c.o
/usr/bin/cc   -DCHECK_FUNCTION_EXISTS=pthread_create   -o CMakeFiles/cmTryCompileExec2948074654.dir/CheckFunctionExists.c.o   -c /usr/share/cmake-2.8/Modules/CheckFunctionExists.c
Linking C executable cmTryCompileExec2948074654
/usr/bin/cmake -E cmake_link_script CMakeFiles/cmTryCompileExec2948074654.dir/link.txt --verbose=1
/usr/bin/cc   -DCHECK_FUNCTION_EXISTS=pthread_create    CMakeFiles/cmTryCompileExec2948074654.dir/CheckFunctionExists.c.o  -o cmTryCompileExec2948074654 -rdynamic -lpthreads 
/usr/bin/ld: cannot find -lpthreads
collect2: error: ld returned 1 exit status
make[1]: *** [cmTryCompileExec2948074654] Error 1
make[1]: Leaving directory `/home/ankur/avd_ws/build/CMakeFiles/CMakeTmp'
make: *** [cmTryCompileExec2948074654/fast] Error 2


Determining if the pthread_create exist failed with the following output:
Change Dir: /home/ankur/avd_ws/build/CMakeFiles/CMakeTmp

Run Build Command:/usr/bin/make "cmTryCompileExec1004704271/fast"
/usr/bin/make -f CMakeFiles/cmTryCompileExec1004704271.dir/build.make CMakeFiles/cmTryCompileExec1004704271.dir/build
make[1]: Entering directory `/home/ankur/avd_ws/build/CMakeFiles/CMakeTmp'
/usr/bin/cmake -E cmake_progress_report /home/ankur/avd_ws/build/CMakeFiles/CMakeTmp/CMakeFiles 1
Building C object CMakeFiles/cmTryCompileExec1004704271.dir/CheckSymbolExists.c.o
/usr/bin/cc    -o CMakeFiles/cmTryCompileExec1004704271.dir/CheckSymbolExists.c.o   -c /home/ankur/avd_ws/build/CMakeFiles/CMakeTmp/CheckSymbolExists.c
Linking C executable cmTryCompileExec1004704271
/usr/bin/cmake -E cmake_link_script CMakeFiles/cmTryCompileExec1004704271.dir/link.txt --verbose=1
/usr/bin/cc       CMakeFiles/cmTryCompileExec1004704271.dir/CheckSymbolExists.c.o  -o cmTryCompileExec1004704271 -rdynamic 
CMakeFiles/cmTryCompileExec1004704271.dir/CheckSymbolExists.c.o: In function `main':
CheckSymbolExists.c:(.text+0x16): undefined reference to `pthread_create'
collect2: error: ld returned 1 exit status
make[1]: *** [cmTryCompileExec1004704271] Error 1
make[1]: Leaving directory `/home/ankur/avd_ws/build/CMakeFiles/CMakeTmp'
make: *** [cmTryCompileExec1004704271/fast] Error 2

File /home/ankur/avd_ws/build/CMakeFiles/CMakeTmp/CheckSymbolExists.c:
/* */
#include <pthread.h>

int main(int argc, char** argv)
{
  (void)argv;
#ifndef pthread_create
  return ((int*)(&pthread_create))[argc];
#else
  (void)argc;
  return 0;
#endif
}

Determining if the function pthread_create exists in the pthreads failed with the following output:
Change Dir: /home/ankur/avd_ws/build/CMakeFiles/CMakeTmp

Run Build Command:/usr/bin/make "cmTryCompileExec3230672646/fast"
/usr/bin/make -f CMakeFiles/cmTryCompileExec3230672646.dir/build.make CMakeFiles/cmTryCompileExec3230672646.dir/build
make[1]: Entering directory `/home/ankur/avd_ws/build/CMakeFiles/CMakeTmp'
/usr/bin/cmake -E cmake_progress_report /home/ankur/avd_ws/build/CMakeFiles/CMakeTmp/CMakeFiles 1
Building C object CMakeFiles/cmTryCompileExec3230672646.dir/CheckFunctionExists.c.o
/usr/bin/cc   -DCHECK_FUNCTION_EXISTS=pthread_create   -o CMakeFiles/cmTryCompileExec3230672646.dir/CheckFunctionExists.c.o   -c /usr/share/cmake-2.8/Modules/CheckFunctionExists.c
Linking C executable cmTryCompileExec3230672646
/usr/bin/cmake -E cmake_link_script CMakeFiles/cmTryCompileExec3230672646.dir/link.txt --verbose=1
/usr/bin/cc   -DCHECK_FUNCTION_EXISTS=pthread_create    CMakeFiles/cmTryCompileExec3230672646.dir/CheckFunctionExists.c.o  -o cmTryCompileExec3230672646 -rdynamic -lpthreads 
/usr/bin/ld: cannot find -lpthreads
collect2: error: ld returned 1 exit status
make[1]: Leaving directory `/home/ankur/avd_ws/build/CMakeFiles/CMakeTmp'
make[1]: *** [cmTryCompileExec3230672646] Error 1
make: *** [cmTryCompileExec3230672646/fast] Error 2


